2023-03-17 20:52:23,005 [Worker-0: Loading available Gradle versions] INFO  o.e.b.c.i.u.g.PublishedGradleVersions - Gradle version information cache is out-of-date. Trying to update.
2023-03-17 22:16:56,292 [Worker-52: https://rhlx01.hs-esslingen.de/pub/Mirrors/eclipse/eclipse/updates/4.27/R-4.27-202303020300/plugins/javax.el-api.source_3.0.3.jar] INFO  o.a.h.c.h.i.c.HttpRequestRetryExec - Recoverable I/O exception (java.net.SocketException) caught when processing request to {s}->https://rhlx01.hs-esslingen.de:443
2023-03-17 22:17:22,364 [Worker-53: https://mirrors.nju.edu.cn/eclipse//eclipse/updates/4.27/R-4.27-202303020300/plugins/bcprov.source_1.72.0.jar] INFO  o.a.h.c.h.i.c.HttpRequestRetryExec - Recoverable I/O exception (org.apache.hc.core5.http.NoHttpResponseException) caught when processing request to {s}->https://mirrors.nju.edu.cn:443
2023-03-17 22:17:22,368 [Worker-55: https://espejito.fder.edu.uy/eclipse/eclipse/updates/4.27/R-4.27-202303020300/plugins/assertj-core_3.24.2.jar] INFO  o.a.h.c.h.i.c.HttpRequestRetryExec - Recoverable I/O exception (org.apache.hc.core5.http.NoHttpResponseException) caught when processing request to {s}->https://espejito.fder.edu.uy:443
2023-03-17 22:22:10,992 [Worker-67: https://eclipse.mirror.garr.it/eclipse/updates/4.27/R-4.27-202303020300/plugins/org.apache.commons.logging.source_1.2.0.v20180409-1502.jar] INFO  o.a.h.c.h.i.c.HttpRequestRetryExec - Recoverable I/O exception (java.net.SocketException) caught when processing request to {s}->https://eclipse.mirror.garr.it:443
2023-03-17 22:22:10,996 [Worker-63: https://download.eclipse.org/eclipse/updates/4.27/R-4.27-202303020300/plugins/org.apache.ant.source_1.10.12.v20211102-1452.jar] INFO  o.a.h.c.h.i.c.HttpRequestRetryExec - Recoverable I/O exception (java.net.SocketException) caught when processing request to {s}->https://download.eclipse.org:443
2023-03-17 22:22:11,020 [Worker-73: https://espejito.fder.edu.uy/eclipse/eclipse/updates/4.27/R-4.27-202303020300/plugins/org.apache.ant.source_1.10.12.v20211102-1452.jar] INFO  o.a.h.c.h.i.c.HttpRequestRetryExec - Recoverable I/O exception (java.net.SocketException) caught when processing request to {s}->https://espejito.fder.edu.uy:443
2023-03-17 22:22:11,035 [Worker-72: https://eclipse.c3sl.ufpr.br/eclipse/updates/4.27/R-4.27-202303020300/plugins/org.apache.commons.logging.source_1.2.0.v20180409-1502.jar] INFO  o.a.h.c.h.i.c.HttpRequestRetryExec - Recoverable I/O exception (java.net.SocketException) caught when processing request to {s}->https://eclipse.c3sl.ufpr.br:443
2023-03-17 22:22:11,243 [Worker-72: https://espejito.fder.edu.uy/eclipse/eclipse/updates/4.27/R-4.27-202303020300/plugins/org.apache.ant.source_1.10.12.v20211102-1452.jar] INFO  o.a.h.c.h.i.c.HttpRequestRetryExec - Recoverable I/O exception (java.net.SocketException) caught when processing request to {s}->https://espejito.fder.edu.uy:443
2023-03-17 22:22:11,278 [Worker-71: https://eclipse.c3sl.ufpr.br/eclipse/updates/4.27/R-4.27-202303020300/plugins/org.apache.commons.logging.source_1.2.0.v20180409-1502.jar] INFO  o.a.h.c.h.i.c.HttpRequestRetryExec - Recoverable I/O exception (java.net.SocketException) caught when processing request to {s}->https://eclipse.c3sl.ufpr.br:443
2023-03-17 22:22:11,340 [Worker-66: https://download.eclipse.org/eclipse/updates/4.27/R-4.27-202303020300/plugins/org.apache.commons.logging.source_1.2.0.v20180409-1502.jar] INFO  o.a.h.c.h.i.c.HttpRequestRetryExec - Recoverable I/O exception (java.net.SocketException) caught when processing request to {s}->https://download.eclipse.org:443
2023-03-17 22:22:11,576 [Worker-60: https://download.eclipse.org/eclipse/updates/4.27/R-4.27-202303020300/plugins/org.apache.commons.logging.source_1.2.0.v20180409-1502.jar] INFO  o.a.h.c.h.i.c.HttpRequestRetryExec - Recoverable I/O exception (java.net.SocketException) caught when processing request to {s}->https://download.eclipse.org:443
2023-03-17 22:22:11,651 [Worker-67: https://download.eclipse.org/eclipse/updates/4.27/R-4.27-202303020300/plugins/org.apache.felix.gogo.command.source_1.1.2.jar] INFO  o.a.h.c.h.i.c.HttpRequestRetryExec - Recoverable I/O exception (java.net.SocketException) caught when processing request to {s}->https://download.eclipse.org:443
2023-03-17 22:22:11,892 [Worker-71: https://download.eclipse.org/eclipse/updates/4.27/R-4.27-202303020300/plugins/org.apache.felix.gogo.command.source_1.1.2.jar] INFO  o.a.h.c.h.i.c.HttpRequestRetryExec - Recoverable I/O exception (java.net.SocketException) caught when processing request to {s}->https://download.eclipse.org:443
2023-03-17 22:22:11,936 [Worker-62: https://download.eclipse.org/eclipse/updates/4.27/R-4.27-202303020300/plugins/org.apache.felix.gogo.runtime.source_1.1.6.jar] INFO  o.a.h.c.h.i.c.HttpRequestRetryExec - Recoverable I/O exception (java.net.SocketException) caught when processing request to {s}->https://download.eclipse.org:443
2023-03-17 22:22:12,172 [Worker-67: https://download.eclipse.org/eclipse/updates/4.27/R-4.27-202303020300/plugins/org.apache.felix.gogo.runtime.source_1.1.6.jar] INFO  o.a.h.c.h.i.c.HttpRequestRetryExec - Recoverable I/O exception (java.net.SocketException) caught when processing request to {s}->https://download.eclipse.org:443
2023-03-17 22:22:12,474 [Worker-71: https://download.eclipse.org/eclipse/updates/4.27/R-4.27-202303020300/plugins/org.apache.felix.scr.source_2.2.6.jar] INFO  o.a.h.c.h.i.c.HttpRequestRetryExec - Recoverable I/O exception (java.net.SocketException) caught when processing request to {s}->https://download.eclipse.org:443
2023-03-17 22:22:12,706 [Worker-70: https://download.eclipse.org/eclipse/updates/4.27/R-4.27-202303020300/plugins/org.apache.felix.scr.source_2.2.6.jar] INFO  o.a.h.c.h.i.c.HttpRequestRetryExec - Recoverable I/O exception (java.net.SocketException) caught when processing request to {s}->https://download.eclipse.org:443
2023-03-17 22:22:12,739 [Worker-67: https://download.eclipse.org/eclipse/updates/4.27/R-4.27-202303020300/plugins/org.apache.httpcomponents.client5.httpclient5-win.source_5.1.3.v20221013-1742.jar] INFO  o.a.h.c.h.i.c.HttpRequestRetryExec - Recoverable I/O exception (java.net.SocketException) caught when processing request to {s}->https://download.eclipse.org:443
2023-03-17 22:22:12,976 [Worker-59: https://download.eclipse.org/eclipse/updates/4.27/R-4.27-202303020300/plugins/org.apache.httpcomponents.client5.httpclient5-win.source_5.1.3.v20221013-1742.jar] INFO  o.a.h.c.h.i.c.HttpRequestRetryExec - Recoverable I/O exception (java.net.SocketException) caught when processing request to {s}->https://download.eclipse.org:443
2023-03-17 22:22:13,014 [Worker-58: https://download.eclipse.org/eclipse/updates/4.27/R-4.27-202303020300/plugins/org.apache.httpcomponents.client5.httpclient5.source_5.1.3.v20221013-1742.jar] INFO  o.a.h.c.h.i.c.HttpRequestRetryExec - Recoverable I/O exception (java.net.SocketException) caught when processing request to {s}->https://download.eclipse.org:443
2023-03-17 22:22:13,230 [Worker-63: https://download.eclipse.org/eclipse/updates/4.27/R-4.27-202303020300/plugins/org.apache.httpcomponents.client5.httpclient5.source_5.1.3.v20221013-1742.jar] INFO  o.a.h.c.h.i.c.HttpRequestRetryExec - Recoverable I/O exception (java.net.SocketException) caught when processing request to {s}->https://download.eclipse.org:443
2023-03-17 22:22:15,816 [Worker-63: https://espejito.fder.edu.uy/eclipse/eclipse/updates/4.27/R-4.27-202303020300/plugins/org.apache.commons.commons-io_2.11.0.jar] INFO  o.a.h.c.h.i.c.HttpRequestRetryExec - Recoverable I/O exception (java.net.SocketException) caught when processing request to {s}->https://espejito.fder.edu.uy:443
2023-03-17 22:22:15,830 [Worker-56: https://eclipse.c3sl.ufpr.br/eclipse/updates/4.27/R-4.27-202303020300/plugins/assertj-core_3.24.2.jar] INFO  o.a.h.c.h.i.c.HttpRequestRetryExec - Recoverable I/O exception (java.net.SocketException) caught when processing request to {s}->https://eclipse.c3sl.ufpr.br:443
2023-03-17 22:22:16,038 [Worker-52: https://espejito.fder.edu.uy/eclipse/eclipse/updates/4.27/R-4.27-202303020300/plugins/org.apache.commons.commons-io_2.11.0.jar] INFO  o.a.h.c.h.i.c.HttpRequestRetryExec - Recoverable I/O exception (java.net.SocketException) caught when processing request to {s}->https://espejito.fder.edu.uy:443
2023-03-17 22:22:16,045 [Worker-54: https://eclipse.c3sl.ufpr.br/eclipse/updates/4.27/R-4.27-202303020300/plugins/assertj-core_3.24.2.jar] INFO  o.a.h.c.h.i.c.HttpRequestRetryExec - Recoverable I/O exception (java.net.SocketException) caught when processing request to {s}->https://eclipse.c3sl.ufpr.br:443
2023-03-17 22:22:16,053 [Worker-73: https://download.eclipse.org/eclipse/updates/4.27/R-4.27-202303020300/plugins/org.apache.commons.commons-io_2.11.0.jar] INFO  o.a.h.c.h.i.c.HttpRequestRetryExec - Recoverable I/O exception (java.net.SocketException) caught when processing request to {s}->https://download.eclipse.org:443
2023-03-17 22:22:16,181 [Worker-56: https://download.eclipse.org/eclipse/updates/4.27/R-4.27-202303020300/plugins/bcprov.source_1.72.0.jar] INFO  o.a.h.c.h.i.c.HttpRequestRetryExec - Recoverable I/O exception (java.net.SocketException) caught when processing request to {s}->https://download.eclipse.org:443
2023-03-17 22:22:16,264 [Worker-64: https://download.eclipse.org/eclipse/updates/4.27/R-4.27-202303020300/plugins/org.apache.commons.commons-io_2.11.0.jar] INFO  o.a.h.c.h.i.c.HttpRequestRetryExec - Recoverable I/O exception (java.net.SocketException) caught when processing request to {s}->https://download.eclipse.org:443
2023-03-17 22:22:16,277 [Worker-53: https://download.eclipse.org/eclipse/updates/4.27/R-4.27-202303020300/plugins/org.apache.commons.commons-io_2.11.0.jar] INFO  o.a.h.c.h.i.c.HttpRequestRetryExec - Recoverable I/O exception (java.net.SocketException) caught when processing request to {s}->https://download.eclipse.org:443
2023-03-17 22:22:16,408 [Worker-63: https://download.eclipse.org/eclipse/updates/4.27/R-4.27-202303020300/plugins/bcprov.source_1.72.0.jar] INFO  o.a.h.c.h.i.c.HttpRequestRetryExec - Recoverable I/O exception (java.net.SocketException) caught when processing request to {s}->https://download.eclipse.org:443
2023-03-17 22:22:16,491 [Worker-56: https://download.eclipse.org/eclipse/updates/4.27/R-4.27-202303020300/plugins/org.apache.commons.commons-io_2.11.0.jar] INFO  o.a.h.c.h.i.c.HttpRequestRetryExec - Recoverable I/O exception (java.net.SocketException) caught when processing request to {s}->https://download.eclipse.org:443
2023-03-17 22:22:16,516 [Worker-57: https://download.eclipse.org/eclipse/updates/4.27/R-4.27-202303020300/plugins/org.apache.jasper.glassfish.source_2.2.2.v201501141630.jar] INFO  o.a.h.c.h.i.c.HttpRequestRetryExec - Recoverable I/O exception (java.net.SocketException) caught when processing request to {s}->https://download.eclipse.org:443
2023-03-17 22:22:16,743 [Worker-73: https://download.eclipse.org/eclipse/updates/4.27/R-4.27-202303020300/plugins/org.apache.lucene.analysis-common.source_9.4.2.v20221211-0752.jar] INFO  o.a.h.c.h.i.c.HttpRequestRetryExec - Recoverable I/O exception (java.net.SocketException) caught when processing request to {s}->https://download.eclipse.org:443
2023-03-17 22:22:16,745 [Worker-54: https://download.eclipse.org/eclipse/updates/4.27/R-4.27-202303020300/plugins/org.apache.jasper.glassfish.source_2.2.2.v201501141630.jar] INFO  o.a.h.c.h.i.c.HttpRequestRetryExec - Recoverable I/O exception (java.net.SocketException) caught when processing request to {s}->https://download.eclipse.org:443
2023-03-17 22:22:16,747 [Worker-53: https://download.eclipse.org/eclipse/updates/4.27/R-4.27-202303020300/plugins/org.apache.sshd.osgi.source_2.9.2.jar] INFO  o.a.h.c.h.i.c.HttpRequestRetryExec - Recoverable I/O exception (java.net.SocketException) caught when processing request to {s}->https://download.eclipse.org:443
2023-03-17 22:22:16,749 [Worker-52: https://download.eclipse.org/eclipse/updates/4.27/R-4.27-202303020300/plugins/org.apache.lucene.core.source_9.4.2.v20221211-0752.jar] INFO  o.a.h.c.h.i.c.HttpRequestRetryExec - Recoverable I/O exception (java.net.SocketException) caught when processing request to {s}->https://download.eclipse.org:443
2023-03-17 22:22:16,751 [Worker-57: https://download.eclipse.org/eclipse/updates/4.27/R-4.27-202303020300/plugins/org.apache.lucene.analysis-smartcn.source_9.4.2.v20221211-0752.jar] INFO  o.a.h.c.h.i.c.HttpRequestRetryExec - Recoverable I/O exception (java.net.SocketException) caught when processing request to {s}->https://download.eclipse.org:443
2023-03-17 22:22:16,756 [Worker-67: https://download.eclipse.org/eclipse/updates/4.27/R-4.27-202303020300/plugins/org.apache.xmlgraphics.source_2.7.0.v20221018-0736.jar] INFO  o.a.h.c.h.i.c.HttpRequestRetryExec - Recoverable I/O exception (java.net.SocketException) caught when processing request to {s}->https://download.eclipse.org:443
2023-03-17 22:22:16,784 [Worker-65: https://download.eclipse.org/eclipse/updates/4.27/R-4.27-202303020300/plugins/org.apiguardian.api.source_1.1.2.jar] INFO  o.a.h.c.h.i.c.HttpRequestRetryExec - Recoverable I/O exception (java.net.SocketException) caught when processing request to {s}->https://download.eclipse.org:443
2023-03-17 22:22:16,987 [Worker-71: https://download.eclipse.org/eclipse/updates/4.27/R-4.27-202303020300/plugins/org.apache.xmlgraphics.source_2.7.0.v20221018-0736.jar] INFO  o.a.h.c.h.i.c.HttpRequestRetryExec - Recoverable I/O exception (java.net.SocketException) caught when processing request to {s}->https://download.eclipse.org:443
2023-03-17 22:22:16,989 [Worker-63: https://download.eclipse.org/eclipse/updates/4.27/R-4.27-202303020300/plugins/org.apache.lucene.analysis-common.source_9.4.2.v20221211-0752.jar] INFO  o.a.h.c.h.i.c.HttpRequestRetryExec - Recoverable I/O exception (java.net.SocketException) caught when processing request to {s}->https://download.eclipse.org:443
2023-03-17 22:22:16,991 [Worker-68: https://download.eclipse.org/eclipse/updates/4.27/R-4.27-202303020300/plugins/org.apache.lucene.core.source_9.4.2.v20221211-0752.jar] INFO  o.a.h.c.h.i.c.HttpRequestRetryExec - Recoverable I/O exception (java.net.SocketException) caught when processing request to {s}->https://download.eclipse.org:443
2023-03-17 22:22:16,997 [Worker-52: https://download.eclipse.org/eclipse/updates/4.27/R-4.27-202303020300/plugins/org.apache.lucene.analysis-smartcn.source_9.4.2.v20221211-0752.jar] INFO  o.a.h.c.h.i.c.HttpRequestRetryExec - Recoverable I/O exception (java.net.SocketException) caught when processing request to {s}->https://download.eclipse.org:443
2023-03-17 22:22:16,999 [Worker-65: https://download.eclipse.org/eclipse/updates/4.27/R-4.27-202303020300/plugins/org.apache.sshd.osgi.source_2.9.2.jar] INFO  o.a.h.c.h.i.c.HttpRequestRetryExec - Recoverable I/O exception (java.net.SocketException) caught when processing request to {s}->https://download.eclipse.org:443
2023-03-17 22:22:17,365 [Worker-59: https://download.eclipse.org/eclipse/updates/4.27/R-4.27-202303020300/plugins/org.apiguardian.api.source_1.1.2.jar] INFO  o.a.h.c.h.i.c.HttpRequestRetryExec - Recoverable I/O exception (java.net.SocketException) caught when processing request to {s}->https://download.eclipse.org:443
2023-03-17 22:22:17,375 [Worker-51: https://download.eclipse.org/eclipse/updates/4.27/R-4.27-202303020300/plugins/org.eclipse.ant.optional.junit_3.3.300.v20180822-0818.jar] INFO  o.a.h.c.h.i.c.HttpRequestRetryExec - Recoverable I/O exception (java.net.SocketException) caught when processing request to {s}->https://download.eclipse.org:443
2023-03-17 22:22:17,387 [Worker-63: https://download.eclipse.org/eclipse/updates/4.27/R-4.27-202303020300/plugins/org.eclipse.ant.ui.source_3.8.300.v20220718-1722.jar] INFO  o.a.h.c.h.i.c.HttpRequestRetryExec - Recoverable I/O exception (java.net.SocketException) caught when processing request to {s}->https://download.eclipse.org:443
2023-03-17 22:22:17,539 [Worker-60: https://download.eclipse.org/eclipse/updates/4.27/R-4.27-202303020300/plugins/org.eclipse.ant.tests.core_3.6.400.v20221006-1046.jar] INFO  o.a.h.c.h.i.c.HttpRequestRetryExec - Recoverable I/O exception (java.net.SocketException) caught when processing request to {s}->https://download.eclipse.org:443
2023-03-17 22:22:17,589 [Worker-72: https://download.eclipse.org/eclipse/updates/4.27/R-4.27-202303020300/plugins/org.eclipse.compare.core.source_3.7.100.v20220812-1406.jar] INFO  o.a.h.c.h.i.c.HttpRequestRetryExec - Recoverable I/O exception (java.net.SocketException) caught when processing request to {s}->https://download.eclipse.org:443
2023-03-17 22:22:17,601 [Worker-64: https://download.eclipse.org/eclipse/updates/4.27/R-4.27-202303020300/plugins/org.eclipse.ant.optional.junit_3.3.300.v20180822-0818.jar] INFO  o.a.h.c.h.i.c.HttpRequestRetryExec - Recoverable I/O exception (java.net.SocketException) caught when processing request to {s}->https://download.eclipse.org:443
2023-03-17 22:22:17,610 [Worker-52: https://download.eclipse.org/eclipse/updates/4.27/R-4.27-202303020300/plugins/org.eclipse.ant.ui.source_3.8.300.v20220718-1722.jar] INFO  o.a.h.c.h.i.c.HttpRequestRetryExec - Recoverable I/O exception (java.net.SocketException) caught when processing request to {s}->https://download.eclipse.org:443
2023-03-17 22:22:17,783 [Worker-63: https://download.eclipse.org/eclipse/updates/4.27/R-4.27-202303020300/plugins/org.eclipse.ant.tests.core_3.6.400.v20221006-1046.jar] INFO  o.a.h.c.h.i.c.HttpRequestRetryExec - Recoverable I/O exception (java.net.SocketException) caught when processing request to {s}->https://download.eclipse.org:443
2023-03-17 22:22:17,828 [Worker-65: https://download.eclipse.org/eclipse/updates/4.27/R-4.27-202303020300/plugins/org.eclipse.compare.core.source_3.7.100.v20220812-1406.jar] INFO  o.a.h.c.h.i.c.HttpRequestRetryExec - Recoverable I/O exception (java.net.SocketException) caught when processing request to {s}->https://download.eclipse.org:443
2023-03-17 22:22:18,475 [Worker-51: https://download.eclipse.org/eclipse/updates/4.27/R-4.27-202303020300/plugins/org.eclipse.compare.examples.xml.source_3.5.100.v20220812-1406.jar] INFO  o.a.h.c.h.i.c.HttpRequestRetryExec - Recoverable I/O exception (java.net.SocketException) caught when processing request to {s}->https://download.eclipse.org:443
2023-03-17 22:22:18,477 [Worker-56: https://download.eclipse.org/eclipse/updates/4.27/R-4.27-202303020300/plugins/org.eclipse.compare.examples.xml_3.5.100.v20220812-1406.jar] INFO  o.a.h.c.h.i.c.HttpRequestRetryExec - Recoverable I/O exception (java.net.SocketException) caught when processing request to {s}->https://download.eclipse.org:443
2023-03-17 22:22:18,486 [Worker-60: https://download.eclipse.org/eclipse/updates/4.27/R-4.27-202303020300/plugins/org.eclipse.compare.examples.source_3.3.100.v20220812-1406.jar] INFO  o.a.h.c.h.i.c.HttpRequestRetryExec - Recoverable I/O exception (java.net.SocketException) caught when processing request to {s}->https://download.eclipse.org:443
2023-03-17 22:22:18,488 [Worker-66: https://download.eclipse.org/eclipse/updates/4.27/R-4.27-202303020300/plugins/org.eclipse.compare.examples_3.3.100.v20220812-1406.jar] INFO  o.a.h.c.h.i.c.HttpRequestRetryExec - Recoverable I/O exception (java.net.SocketException) caught when processing request to {s}->https://download.eclipse.org:443
2023-03-17 22:22:18,715 [Worker-72: https://download.eclipse.org/eclipse/updates/4.27/R-4.27-202303020300/plugins/org.eclipse.compare.examples.xml_3.5.100.v20220812-1406.jar] INFO  o.a.h.c.h.i.c.HttpRequestRetryExec - Recoverable I/O exception (java.net.SocketException) caught when processing request to {s}->https://download.eclipse.org:443
2023-03-17 22:22:18,719 [Worker-57: https://download.eclipse.org/eclipse/updates/4.27/R-4.27-202303020300/plugins/org.eclipse.compare.examples.xml.source_3.5.100.v20220812-1406.jar] INFO  o.a.h.c.h.i.c.HttpRequestRetryExec - Recoverable I/O exception (java.net.SocketException) caught when processing request to {s}->https://download.eclipse.org:443
2023-03-17 22:22:18,735 [Worker-65: https://download.eclipse.org/eclipse/updates/4.27/R-4.27-202303020300/plugins/org.eclipse.compare.source_3.8.500.v20220812-1406.jar] INFO  o.a.h.c.h.i.c.HttpRequestRetryExec - Recoverable I/O exception (java.net.SocketException) caught when processing request to {s}->https://download.eclipse.org:443
2023-03-17 22:22:18,895 [Worker-61: https://download.eclipse.org/eclipse/updates/4.27/R-4.27-202303020300/plugins/org.eclipse.compare.examples.source_3.3.100.v20220812-1406.jar] INFO  o.a.h.c.h.i.c.HttpRequestRetryExec - Recoverable I/O exception (java.net.SocketException) caught when processing request to {s}->https://download.eclipse.org:443
2023-03-17 22:22:18,900 [Worker-66: https://download.eclipse.org/eclipse/updates/4.27/R-4.27-202303020300/plugins/org.eclipse.compare.examples_3.3.100.v20220812-1406.jar] INFO  o.a.h.c.h.i.c.HttpRequestRetryExec - Recoverable I/O exception (java.net.SocketException) caught when processing request to {s}->https://download.eclipse.org:443
2023-03-17 22:22:18,909 [Worker-68: https://download.eclipse.org/eclipse/updates/4.27/R-4.27-202303020300/plugins/org.eclipse.compare.win32.source_1.2.900.v20220812-1406.jar] INFO  o.a.h.c.h.i.c.HttpRequestRetryExec - Recoverable I/O exception (java.net.SocketException) caught when processing request to {s}->https://download.eclipse.org:443
2023-03-17 22:22:18,917 [Worker-64: https://download.eclipse.org/eclipse/updates/4.27/R-4.27-202303020300/plugins/org.eclipse.core.commands.source_3.10.400.v20230220-0932.jar] INFO  o.a.h.c.h.i.c.HttpRequestRetryExec - Recoverable I/O exception (java.net.SocketException) caught when processing request to {s}->https://download.eclipse.org:443
2023-03-17 22:22:18,949 [Worker-56: https://download.eclipse.org/eclipse/updates/4.27/R-4.27-202303020300/plugins/org.eclipse.compare.source_3.8.500.v20220812-1406.jar] INFO  o.a.h.c.h.i.c.HttpRequestRetryExec - Recoverable I/O exception (java.net.SocketException) caught when processing request to {s}->https://download.eclipse.org:443
2023-03-17 22:22:19,124 [Worker-55: https://download.eclipse.org/eclipse/updates/4.27/R-4.27-202303020300/plugins/org.eclipse.compare.win32.source_1.2.900.v20220812-1406.jar] INFO  o.a.h.c.h.i.c.HttpRequestRetryExec - Recoverable I/O exception (java.net.SocketException) caught when processing request to {s}->https://download.eclipse.org:443
2023-03-17 22:22:19,131 [Worker-63: https://download.eclipse.org/eclipse/updates/4.27/R-4.27-202303020300/plugins/org.eclipse.core.commands.source_3.10.400.v20230220-0932.jar] INFO  o.a.h.c.h.i.c.HttpRequestRetryExec - Recoverable I/O exception (java.net.SocketException) caught when processing request to {s}->https://download.eclipse.org:443
2023-03-17 22:22:19,140 [Worker-54: https://download.eclipse.org/eclipse/updates/4.27/R-4.27-202303020300/plugins/org.eclipse.core.databinding.beans.source_1.9.100.v20230214-1401.jar] INFO  o.a.h.c.h.i.c.HttpRequestRetryExec - Recoverable I/O exception (java.net.SocketException) caught when processing request to {s}->https://download.eclipse.org:443
2023-03-17 22:22:19,157 [Worker-70: https://download.eclipse.org/eclipse/updates/4.27/R-4.27-202303020300/plugins/org.eclipse.core.databinding.observable.source_1.12.200.v20230220-0932.jar] INFO  o.a.h.c.h.i.c.HttpRequestRetryExec - Recoverable I/O exception (java.net.SocketException) caught when processing request to {s}->https://download.eclipse.org:443
2023-03-17 22:22:19,182 [Worker-68: https://download.eclipse.org/eclipse/updates/4.27/R-4.27-202303020300/plugins/org.eclipse.core.databinding.property.source_1.9.200.v20230220-0932.jar] INFO  o.a.h.c.h.i.c.HttpRequestRetryExec - Recoverable I/O exception (java.net.SocketException) caught when processing request to {s}->https://download.eclipse.org:443
2023-03-17 22:22:19,209 [Worker-60: https://download.eclipse.org/eclipse/updates/4.27/R-4.27-202303020300/plugins/org.eclipse.core.expressions.source_3.8.200.v20220613-1047.jar] INFO  o.a.h.c.h.i.c.HttpRequestRetryExec - Recoverable I/O exception (java.net.SocketException) caught when processing request to {s}->https://download.eclipse.org:443
2023-03-17 22:22:19,211 [Worker-71: https://download.eclipse.org/eclipse/updates/4.27/R-4.27-202303020300/plugins/org.eclipse.core.expressions.tests_3.6.200.v20221006-1046.jar] INFO  o.a.h.c.h.i.c.HttpRequestRetryExec - Recoverable I/O exception (java.net.SocketException) caught when processing request to {s}->https://download.eclipse.org:443
2023-03-17 22:22:19,354 [Worker-63: https://download.eclipse.org/eclipse/updates/4.27/R-4.27-202303020300/plugins/org.eclipse.core.databinding.beans.source_1.9.100.v20230214-1401.jar] INFO  o.a.h.c.h.i.c.HttpRequestRetryExec - Recoverable I/O exception (java.net.SocketException) caught when processing request to {s}->https://download.eclipse.org:443
2023-03-17 22:22:19,371 [Worker-73: https://download.eclipse.org/eclipse/updates/4.27/R-4.27-202303020300/plugins/org.eclipse.core.databinding.observable.source_1.12.200.v20230220-0932.jar] INFO  o.a.h.c.h.i.c.HttpRequestRetryExec - Recoverable I/O exception (java.net.SocketException) caught when processing request to {s}->https://download.eclipse.org:443
2023-03-17 22:22:19,394 [Worker-64: https://download.eclipse.org/eclipse/updates/4.27/R-4.27-202303020300/plugins/org.eclipse.core.databinding.property.source_1.9.200.v20230220-0932.jar] INFO  o.a.h.c.h.i.c.HttpRequestRetryExec - Recoverable I/O exception (java.net.SocketException) caught when processing request to {s}->https://download.eclipse.org:443
2023-03-17 22:22:19,423 [Worker-67: https://download.eclipse.org/eclipse/updates/4.27/R-4.27-202303020300/plugins/org.eclipse.core.expressions.source_3.8.200.v20220613-1047.jar] INFO  o.a.h.c.h.i.c.HttpRequestRetryExec - Recoverable I/O exception (java.net.SocketException) caught when processing request to {s}->https://download.eclipse.org:443
2023-03-17 22:22:19,429 [Worker-56: https://download.eclipse.org/eclipse/updates/4.27/R-4.27-202303020300/plugins/org.eclipse.core.expressions.tests_3.6.200.v20221006-1046.jar] INFO  o.a.h.c.h.i.c.HttpRequestRetryExec - Recoverable I/O exception (java.net.SocketException) caught when processing request to {s}->https://download.eclipse.org:443
2023-03-17 22:32:51,686 [Worker-75: https://rhlx01.hs-esslingen.de/pub/Mirrors/eclipse/eclipse/updates/4.27/R-4.27-202303020300/plugins/org.eclipse.team.examples.filesystem.source_3.6.100.v20220812-1406.jar] INFO  o.a.h.c.h.i.c.HttpRequestRetryExec - Recoverable I/O exception (java.net.SocketException) caught when processing request to {s}->https://rhlx01.hs-esslingen.de:443
2023-03-17 22:32:51,686 [Worker-60: https://rhlx01.hs-esslingen.de/pub/Mirrors/eclipse/eclipse/updates/4.27/R-4.27-202303020300/plugins/org.eclipse.test_3.5.200.v20221108-0804.jar] INFO  o.a.h.c.h.i.c.HttpRequestRetryExec - Recoverable I/O exception (java.net.SocketException) caught when processing request to {s}->https://rhlx01.hs-esslingen.de:443
2023-03-17 22:32:51,687 [Worker-65: https://mirror.dogado.de/eclipse/eclipse/updates/4.27/R-4.27-202303020300/features/org.eclipse.test_3.8.400.v20230219-1319.jar] INFO  o.a.h.c.h.i.c.HttpRequestRetryExec - Recoverable I/O exception (java.net.SocketException) caught when processing request to {s}->https://mirror.dogado.de:443
2023-03-17 22:32:51,687 [Worker-73: https://mirror.dogado.de/eclipse/eclipse/updates/4.27/R-4.27-202303020300/plugins/org.eclipse.team.ui.source_3.9.600.v20230207-1607.jar] INFO  o.a.h.c.h.i.c.HttpRequestRetryExec - Recoverable I/O exception (java.net.SocketException) caught when processing request to {s}->https://mirror.dogado.de:443
2023-03-17 22:32:51,687 [Worker-54: https://mirror.dogado.de/eclipse/eclipse/updates/4.27/R-4.27-202303020300/plugins/org.eclipse.team.examples.filesystem_3.6.100.v20220812-1406.jar] INFO  o.a.h.c.h.i.c.HttpRequestRetryExec - Recoverable I/O exception (java.net.SocketException) caught when processing request to {s}->https://mirror.dogado.de:443
2023-03-17 22:32:51,687 [Worker-66: https://mirror.dogado.de/eclipse/eclipse/updates/4.27/R-4.27-202303020300/plugins/org.eclipse.team.tests.core_3.9.200.v20221006-1046.jar] INFO  o.a.h.c.h.i.c.HttpRequestRetryExec - Recoverable I/O exception (java.net.SocketException) caught when processing request to {s}->https://mirror.dogado.de:443
2023-03-17 22:32:51,686 [Worker-63: https://mirror.dogado.de/eclipse/eclipse/updates/4.27/R-4.27-202303020300/plugins/org.eclipse.team.genericeditor.diff.extension.source_1.1.100.v20220812-1406.jar] INFO  o.a.h.c.h.i.c.HttpRequestRetryExec - Recoverable I/O exception (java.net.SocketException) caught when processing request to {s}->https://mirror.dogado.de:443
2023-03-17 22:58:18,620 [Worker-6726: https://download.eclipse.org/eclipse/updates/4.27/R-4.27-202303020300/plugins/org.eclipse.ui.cheatsheets.source_3.7.500.v20220903-1020.jar] INFO  o.a.h.c.h.i.c.HttpRequestRetryExec - Recoverable I/O exception (java.net.SocketException) caught when processing request to {s}->https://download.eclipse.org:443
2023-03-17 22:58:18,913 [Worker-6729: https://download.eclipse.org/eclipse/updates/4.27/R-4.27-202303020300/plugins/org.eclipse.ui.console.source_3.11.400.v20221012-0524.jar] INFO  o.a.h.c.h.i.c.HttpRequestRetryExec - Recoverable I/O exception (java.net.SocketException) caught when processing request to {s}->https://download.eclipse.org:443
2023-03-17 22:58:45,963 [Worker-6734: https://download.eclipse.org/eclipse/updates/4.27/R-4.27-202303020300/plugins/org.eclipse.ui.editors.source_3.15.0.v20221201-1935.jar] INFO  o.a.h.c.h.i.c.HttpRequestRetryExec - Recoverable I/O exception (java.net.SocketException) caught when processing request to {s}->https://download.eclipse.org:443
2023-03-17 23:00:31,847 [Worker-7129: https://download.eclipse.org/eclipse/updates/4.27/R-4.27-202303020300/plugins/org.w3c.dom.svg.source_1.1.0.v201011041433.jar] INFO  o.a.h.c.h.i.c.HttpRequestRetryExec - Recoverable I/O exception (java.net.SocketException) caught when processing request to {s}->https://download.eclipse.org:443
2023-03-17 23:00:31,847 [Worker-7125: https://download.eclipse.org/eclipse/updates/4.27/R-4.27-202303020300/plugins/org.w3c.dom.events.source_3.0.0.draft20060413_v201105210656.jar] INFO  o.a.h.c.h.i.c.HttpRequestRetryExec - Recoverable I/O exception (java.net.SocketException) caught when processing request to {s}->https://download.eclipse.org:443
2023-03-17 23:00:31,848 [Worker-7131: https://download.eclipse.org/eclipse/updates/4.27/R-4.27-202303020300/plugins/org.w3c.dom.smil.source_1.0.1.v200903091627.jar] INFO  o.a.h.c.h.i.c.HttpRequestRetryExec - Recoverable I/O exception (java.net.SocketException) caught when processing request to {s}->https://download.eclipse.org:443
2023-03-17 23:00:31,849 [Worker-7121: https://download.eclipse.org/eclipse/updates/4.27/R-4.27-202303020300/plugins/org.w3c.css.sac.source_1.3.1.v200903091627.jar] INFO  o.a.h.c.h.i.c.HttpRequestRetryExec - Recoverable I/O exception (java.net.SocketException) caught when processing request to {s}->https://download.eclipse.org:443
2023-03-17 23:00:31,849 [Worker-7123: https://download.eclipse.org/eclipse/updates/4.27/R-4.27-202303020300/plugins/org.tukaani.xz.source_1.9.0.jar] INFO  o.a.h.c.h.i.c.HttpRequestRetryExec - Recoverable I/O exception (java.net.SocketException) caught when processing request to {s}->https://download.eclipse.org:443
2023-03-17 23:24:28,879 [Worker-14: Loading available Gradle versions] INFO  o.e.b.c.i.u.g.PublishedGradleVersions - Gradle version information cache is up-to-date. Trying to read.
2023-03-17 23:33:01,779 [Worker-31: https://download.eclipse.org/eclipse/updates/4.27/R-4.27-202303020300/plugins/org.eclipse.ant.ui.source_3.8.300.v20220718-1722.jar] INFO  o.a.h.c.h.i.c.HttpRequestRetryExec - Recoverable I/O exception (org.apache.hc.core5.http.NoHttpResponseException) caught when processing request to {s}->https://download.eclipse.org:443
2023-03-17 23:33:35,605 [Worker-44: https://espejito.fder.edu.uy/eclipse/eclipse/updates/4.27/R-4.27-202303020300/plugins/org.apache.lucene.analysis-common.source_9.4.2.v20221211-0752.jar] INFO  o.a.h.c.h.i.c.HttpRequestRetryExec - Recoverable I/O exception (java.net.SocketException) caught when processing request to {s}->https://espejito.fder.edu.uy:443
2023-03-18 11:34:13,896 [ModalContext] INFO  o.a.h.c.h.i.c.HttpRequestRetryExec - Recoverable I/O exception (org.apache.hc.core5.http.NoHttpResponseException) caught when processing request to {s}->https://marketplace.eclipse.org:443
2023-03-18 11:56:50,171 [Worker-7: Loading available Gradle versions] INFO  o.e.b.c.i.u.g.PublishedGradleVersions - Gradle version information cache is up-to-date. Trying to read.
2023-03-18 14:29:22,115 [Worker-3: Loading available Gradle versions] INFO  o.e.b.c.i.u.g.PublishedGradleVersions - Gradle version information cache is up-to-date. Trying to read.
2023-03-18 19:15:44,969 [Worker-4: Loading available Gradle versions] INFO  o.e.b.c.i.u.g.PublishedGradleVersions - Gradle version information cache is up-to-date. Trying to read.
2023-03-20 16:12:18,921 [Worker-4: Loading available Gradle versions] INFO  o.e.b.c.i.u.g.PublishedGradleVersions - Gradle version information cache is out-of-date. Trying to update.
2023-03-20 21:07:56,571 [Worker-4: Loading available Gradle versions] INFO  o.e.b.c.i.u.g.PublishedGradleVersions - Gradle version information cache is up-to-date. Trying to read.
2023-03-21 15:34:30,836 [Worker-3: Loading available Gradle versions] INFO  o.e.b.c.i.u.g.PublishedGradleVersions - Gradle version information cache is up-to-date. Trying to read.
2023-03-22 18:27:11,824 [Worker-3: Loading available Gradle versions] INFO  o.e.b.c.i.u.g.PublishedGradleVersions - Gradle version information cache is out-of-date. Trying to update.
2023-03-22 18:27:23,779 [Worker-3: Loading available Gradle versions] INFO  o.e.b.c.i.u.g.PublishedGradleVersions - Updating Gradle version information cache failed. Using outdated cache.
2023-03-23 08:49:46,722 [Worker-4: Loading available Gradle versions] INFO  o.e.b.c.i.u.g.PublishedGradleVersions - Gradle version information cache is out-of-date. Trying to update.
2023-03-25 14:40:03,242 [Worker-2: Loading available Gradle versions] INFO  o.e.b.c.i.u.g.PublishedGradleVersions - Gradle version information cache is out-of-date. Trying to update.
2023-03-25 14:40:06,242 [Worker-2: Loading available Gradle versions] INFO  o.e.b.c.i.u.g.PublishedGradleVersions - Updating Gradle version information cache failed. Using outdated cache.
2023-03-29 18:45:46,751 [Worker-4: Loading available Gradle versions] INFO  o.e.b.c.i.u.g.PublishedGradleVersions - Gradle version information cache is out-of-date. Trying to update.
2023-03-29 18:45:51,859 [Worker-4: Loading available Gradle versions] INFO  o.e.b.c.i.u.g.PublishedGradleVersions - Updating Gradle version information cache failed. Using outdated cache.
2023-03-30 09:37:35,314 [Worker-0: Loading available Gradle versions] INFO  o.e.b.c.i.u.g.PublishedGradleVersions - Gradle version information cache is out-of-date. Trying to update.
2023-03-30 09:37:37,158 [Worker-0: Loading available Gradle versions] INFO  o.e.b.c.i.u.g.PublishedGradleVersions - Updating Gradle version information cache failed. Using outdated cache.
2023-03-30 19:56:35,197 [Worker-9: Loading available Gradle versions] INFO  o.e.b.c.i.u.g.PublishedGradleVersions - Gradle version information cache is out-of-date. Trying to update.
2023-03-30 19:56:41,211 [Worker-9: Loading available Gradle versions] INFO  o.e.b.c.i.u.g.PublishedGradleVersions - Updating Gradle version information cache failed. Using outdated cache.
2023-03-30 20:07:41,717 [Start Help Server] INFO  org.eclipse.jetty.server.Server - jetty-10.0.13; built: 2022-12-07T20:13:20.134Z; git: 1c2636ea05c0ca8de1ffd6ca7f3a98ac084c766d; jvm 19.0.1+10-21
2023-03-30 20:07:41,898 [Start Help Server] INFO  o.e.j.s.s.DefaultSessionIdManager - Session workerName=node0
2023-03-30 20:07:42,071 [Start Help Server] INFO  o.e.j.server.handler.ContextHandler - Started o.e.j.s.ServletContextHandler@63a841b9{/help,null,AVAILABLE}
2023-03-30 20:07:42,296 [Start Help Server] INFO  o.e.jetty.server.AbstractConnector - Started ServerConnector@78450dd8{HTTP/1.1, (http/1.1)}{127.0.0.1:49735}
2023-03-30 20:07:42,331 [Start Help Server] INFO  org.eclipse.jetty.server.Server - Started Server@45cbd992{STARTING}[10.0.13,sto=0] @976905ms
2023-03-31 00:01:42,974 [Stop Help Server] INFO  org.eclipse.jetty.server.Server - Stopped Server@45cbd992{STOPPING}[10.0.13,sto=0]
2023-03-31 00:01:43,400 [Stop Help Server] INFO  o.e.jetty.server.AbstractConnector - Stopped ServerConnector@78450dd8{HTTP/1.1, (http/1.1)}{127.0.0.1:0}
2023-03-31 00:01:46,676 [Stop Help Server] INFO  o.e.j.server.handler.ContextHandler - Stopped o.e.j.s.ServletContextHandler@63a841b9{/help,null,STOPPED}
2023-03-31 07:41:05,604 [Worker-6: Loading available Gradle versions] INFO  o.e.b.c.i.u.g.PublishedGradleVersions - Gradle version information cache is out-of-date. Trying to update.
2023-03-31 07:41:09,203 [Worker-6: Loading available Gradle versions] INFO  o.e.b.c.i.u.g.PublishedGradleVersions - Updating Gradle version information cache failed. Using outdated cache.
2023-03-31 13:30:38,011 [Worker-6: Loading available Gradle versions] INFO  o.e.b.c.i.u.g.PublishedGradleVersions - Gradle version information cache is out-of-date. Trying to update.
2023-03-31 13:30:39,558 [Worker-6: Loading available Gradle versions] INFO  o.e.b.c.i.u.g.PublishedGradleVersions - Updating Gradle version information cache failed. Using outdated cache.
2023-03-31 17:54:20,065 [Worker-5: Loading available Gradle versions] INFO  o.e.b.c.i.u.g.PublishedGradleVersions - Gradle version information cache is out-of-date. Trying to update.
2023-03-31 17:54:21,558 [Worker-5: Loading available Gradle versions] INFO  o.e.b.c.i.u.g.PublishedGradleVersions - Updating Gradle version information cache failed. Using outdated cache.
2023-04-02 10:28:09,999 [Worker-3: Loading available Gradle versions] INFO  o.e.b.c.i.u.g.PublishedGradleVersions - Gradle version information cache is out-of-date. Trying to update.
2023-04-03 20:41:35,662 [Worker-5: Loading available Gradle versions] INFO  o.e.b.c.i.u.g.PublishedGradleVersions - Gradle version information cache is out-of-date. Trying to update.
2023-04-04 18:27:29,541 [Worker-7: Loading available Gradle versions] INFO  o.e.b.c.i.u.g.PublishedGradleVersions - Gradle version information cache is up-to-date. Trying to read.
2023-04-05 08:37:07,072 [Worker-2: Loading available Gradle versions] INFO  o.e.b.c.i.u.g.PublishedGradleVersions - Gradle version information cache is out-of-date. Trying to update.
2023-04-05 08:37:13,317 [Worker-2: Loading available Gradle versions] INFO  o.e.b.c.i.u.g.PublishedGradleVersions - Updating Gradle version information cache failed. Using outdated cache.
2023-04-05 13:04:15,433 [Worker-3: Loading available Gradle versions] INFO  o.e.b.c.i.u.g.PublishedGradleVersions - Gradle version information cache is out-of-date. Trying to update.
2023-04-05 13:04:23,064 [Worker-3: Loading available Gradle versions] INFO  o.e.b.c.i.u.g.PublishedGradleVersions - Updating Gradle version information cache failed. Using outdated cache.
2023-04-06 13:20:30,257 [Worker-3: Loading available Gradle versions] INFO  o.e.b.c.i.u.g.PublishedGradleVersions - Gradle version information cache is out-of-date. Trying to update.
2023-04-06 16:28:32,950 [Worker-4: Loading available Gradle versions] INFO  o.e.b.c.i.u.g.PublishedGradleVersions - Gradle version information cache is up-to-date. Trying to read.
2023-04-18 14:42:12,483 [Worker-7: Loading available Gradle versions] INFO  o.e.b.c.i.u.g.PublishedGradleVersions - Gradle version information cache is out-of-date. Trying to update.
2023-04-19 08:29:06,361 [Worker-8: Loading available Gradle versions] INFO  o.e.b.c.i.u.g.PublishedGradleVersions - Gradle version information cache is up-to-date. Trying to read.
2023-04-20 09:40:01,133 [Worker-0: Loading available Gradle versions] INFO  o.e.b.c.i.u.g.PublishedGradleVersions - Gradle version information cache is out-of-date. Trying to update.
2023-04-20 13:16:47,730 [Worker-8: Loading available Gradle versions] INFO  o.e.b.c.i.u.g.PublishedGradleVersions - Gradle version information cache is up-to-date. Trying to read.
